[2016-08-02 17:23:35] [INFO] [textBox1_KeyPress] [31] [D:\projects\ZhaoStephen.LoggingDotNet\ZhaoStephen.LoggingDotNetDemoApp\LoggingDemoAppForm.cs] 345345345
[2016-08-02 17:23:36] [INFO] [textBox1_KeyPress] [31] [D:\projects\ZhaoStephen.LoggingDotNet\ZhaoStephen.LoggingDotNetDemoApp\LoggingDemoAppForm.cs] 45745tser
[2016-08-02 17:23:37] [INFO] [textBox1_KeyPress] [31] [D:\projects\ZhaoStephen.LoggingDotNet\ZhaoStephen.LoggingDotNetDemoApp\LoggingDemoAppForm.cs] rgrestre
[2016-08-02 17:23:37] [INFO] [textBox1_KeyPress] [31] [D:\projects\ZhaoStephen.LoggingDotNet\ZhaoStephen.LoggingDotNetDemoApp\LoggingDemoAppForm.cs] werfew
[2016-08-02 17:23:38] [INFO] [textBox1_KeyPress] [31] [D:\projects\ZhaoStephen.LoggingDotNet\ZhaoStephen.LoggingDotNetDemoApp\LoggingDemoAppForm.cs] dweqdwe
[2016-08-02 17:23:38] [INFO] [textBox1_KeyPress] [31] [D:\projects\ZhaoStephen.LoggingDotNet\ZhaoStephen.LoggingDotNetDemoApp\LoggingDemoAppForm.cs] fwreg
[2016-08-02 17:23:38] [INFO] [textBox1_KeyPress] [31] [D:\projects\ZhaoStephen.LoggingDotNet\ZhaoStephen.LoggingDotNetDemoApp\LoggingDemoAppForm.cs] regre
[2016-08-02 17:23:38] [INFO] [textBox1_KeyPress] [31] [D:\projects\ZhaoStephen.LoggingDotNet\ZhaoStephen.LoggingDotNetDemoApp\LoggingDemoAppForm.cs] ge
[2016-08-02 17:23:39] [INFO] [textBox1_KeyPress] [31] [D:\projects\ZhaoStephen.LoggingDotNet\ZhaoStephen.LoggingDotNetDemoApp\LoggingDemoAppForm.cs] trhte
[2016-08-02 17:23:39] [INFO] [textBox1_KeyPress] [31] [D:\projects\ZhaoStephen.LoggingDotNet\ZhaoStephen.LoggingDotNetDemoApp\LoggingDemoAppForm.cs] ytr
[2016-08-02 17:23:39] [INFO] [textBox1_KeyPress] [31] [D:\projects\ZhaoStephen.LoggingDotNet\ZhaoStephen.LoggingDotNetDemoApp\LoggingDemoAppForm.cs] yt
[2016-08-02 17:23:39] [INFO] [textBox1_KeyPress] [31] [D:\projects\ZhaoStephen.LoggingDotNet\ZhaoStephen.LoggingDotNetDemoApp\LoggingDemoAppForm.cs] ryh
[2016-08-02 17:23:39] [INFO] [textBox1_KeyPress] [31] [D:\projects\ZhaoStephen.LoggingDotNet\ZhaoStephen.LoggingDotNetDemoApp\LoggingDemoAppForm.cs] re
[2016-08-02 17:23:40] [INFO] [textBox1_KeyPress] [31] [D:\projects\ZhaoStephen.LoggingDotNet\ZhaoStephen.LoggingDotNetDemoApp\LoggingDemoAppForm.cs] daefr
[2016-08-02 17:23:40] [INFO] [textBox1_KeyPress] [31] [D:\projects\ZhaoStephen.LoggingDotNet\ZhaoStephen.LoggingDotNetDemoApp\LoggingDemoAppForm.cs] we
[2016-08-02 17:23:40] [INFO] [textBox1_KeyPress] [31] [D:\projects\ZhaoStephen.LoggingDotNet\ZhaoStephen.LoggingDotNetDemoApp\LoggingDemoAppForm.cs] ftr
[2016-08-02 17:23:40] [INFO] [textBox1_KeyPress] [31] [D:\projects\ZhaoStephen.LoggingDotNet\ZhaoStephen.LoggingDotNetDemoApp\LoggingDemoAppForm.cs] yui
[2016-08-02 17:23:40] [INFO] [textBox1_KeyPress] [31] [D:\projects\ZhaoStephen.LoggingDotNet\ZhaoStephen.LoggingDotNetDemoApp\LoggingDemoAppForm.cs] j
[2016-08-02 17:23:41] [INFO] [textBox1_KeyPress] [31] [D:\projects\ZhaoStephen.LoggingDotNet\ZhaoStephen.LoggingDotNetDemoApp\LoggingDemoAppForm.cs] hgs
[2016-08-02 17:23:41] [INFO] [textBox1_KeyPress] [31] [D:\projects\ZhaoStephen.LoggingDotNet\ZhaoStephen.LoggingDotNetDemoApp\LoggingDemoAppForm.cs] r
[2016-08-02 17:23:41] [INFO] [textBox1_KeyPress] [31] [D:\projects\ZhaoStephen.LoggingDotNet\ZhaoStephen.LoggingDotNetDemoApp\LoggingDemoAppForm.cs] 4f
[2016-08-02 17:23:41] [INFO] [textBox1_KeyPress] [31] [D:\projects\ZhaoStephen.LoggingDotNet\ZhaoStephen.LoggingDotNetDemoApp\LoggingDemoAppForm.cs] wre
[2016-08-02 17:23:41] [INFO] [textBox1_KeyPress] [31] [D:\projects\ZhaoStephen.LoggingDotNet\ZhaoStephen.LoggingDotNetDemoApp\LoggingDemoAppForm.cs] the
[2016-08-02 17:23:42] [INFO] [textBox1_KeyPress] [31] [D:\projects\ZhaoStephen.LoggingDotNet\ZhaoStephen.LoggingDotNetDemoApp\LoggingDemoAppForm.cs] ry
[2016-08-02 17:23:42] [INFO] [textBox1_KeyPress] [31] [D:\projects\ZhaoStephen.LoggingDotNet\ZhaoStephen.LoggingDotNetDemoApp\LoggingDemoAppForm.cs] j
[2016-08-02 17:23:43] [INFO] [textBox1_KeyPress] [31] [D:\projects\ZhaoStephen.LoggingDotNet\ZhaoStephen.LoggingDotNetDemoApp\LoggingDemoAppForm.cs] ryhe5tertw4
[2016-08-02 17:23:43] [INFO] [textBox1_KeyPress] [31] [D:\projects\ZhaoStephen.LoggingDotNet\ZhaoStephen.LoggingDotNetDemoApp\LoggingDemoAppForm.cs] r54
[2016-08-02 17:23:43] [INFO] [textBox1_KeyPress] [31] [D:\projects\ZhaoStephen.LoggingDotNet\ZhaoStephen.LoggingDotNetDemoApp\LoggingDemoAppForm.cs] rf3
[2016-08-02 17:23:43] [INFO] [textBox1_KeyPress] [31] [D:\projects\ZhaoStephen.LoggingDotNet\ZhaoStephen.LoggingDotNetDemoApp\LoggingDemoAppForm.cs] e23
[2016-08-02 17:23:44] [INFO] [textBox1_KeyPress] [31] [D:\projects\ZhaoStephen.LoggingDotNet\ZhaoStephen.LoggingDotNetDemoApp\LoggingDemoAppForm.cs] d3
[2016-08-02 17:23:44] [INFO] [textBox1_KeyPress] [31] [D:\projects\ZhaoStephen.LoggingDotNet\ZhaoStephen.LoggingDotNetDemoApp\LoggingDemoAppForm.cs] 243
[2016-08-02 17:23:44] [INFO] [textBox1_KeyPress] [31] [D:\projects\ZhaoStephen.LoggingDotNet\ZhaoStephen.LoggingDotNetDemoApp\LoggingDemoAppForm.cs] 543
[2016-08-02 17:23:44] [INFO] [textBox1_KeyPress] [31] [D:\projects\ZhaoStephen.LoggingDotNet\ZhaoStephen.LoggingDotNetDemoApp\LoggingDemoAppForm.cs] 5h43
[2016-08-02 17:23:45] [INFO] [textBox1_KeyPress] [31] [D:\projects\ZhaoStephen.LoggingDotNet\ZhaoStephen.LoggingDotNetDemoApp\LoggingDemoAppForm.cs] 65u
[2016-08-02 17:23:45] [INFO] [textBox1_KeyPress] [31] [D:\projects\ZhaoStephen.LoggingDotNet\ZhaoStephen.LoggingDotNetDemoApp\LoggingDemoAppForm.cs] tu
[2016-08-02 17:23:45] [INFO] [textBox1_KeyPress] [31] [D:\projects\ZhaoStephen.LoggingDotNet\ZhaoStephen.LoggingDotNetDemoApp\LoggingDemoAppForm.cs] yt
[2016-08-02 17:23:46] [INFO] [textBox1_KeyPress] [31] [D:\projects\ZhaoStephen.LoggingDotNet\ZhaoStephen.LoggingDotNetDemoApp\LoggingDemoAppForm.cs] ujgyj
[2016-08-02 17:23:46] [INFO] [textBox1_KeyPress] [31] [D:\projects\ZhaoStephen.LoggingDotNet\ZhaoStephen.LoggingDotNetDemoApp\LoggingDemoAppForm.cs] uiuiuy
[2016-08-02 17:23:46] [INFO] [textBox1_KeyPress] [31] [D:\projects\ZhaoStephen.LoggingDotNet\ZhaoStephen.LoggingDotNetDemoApp\LoggingDemoAppForm.cs] iyui
[2016-08-02 17:23:48] [INFO] [textBox1_KeyPress] [31] [D:\projects\ZhaoStephen.LoggingDotNet\ZhaoStephen.LoggingDotNetDemoApp\LoggingDemoAppForm.cs] tyurtyueryrt
[2016-08-02 17:23:49] [INFO] [textBox1_KeyPress] [31] [D:\projects\ZhaoStephen.LoggingDotNet\ZhaoStephen.LoggingDotNetDemoApp\LoggingDemoAppForm.cs] yretytruyr4g523523
[2016-08-02 17:23:51] [INFO] [textBox1_KeyPress] [31] [D:\projects\ZhaoStephen.LoggingDotNet\ZhaoStephen.LoggingDotNetDemoApp\LoggingDemoAppForm.cs] 4f23423432342353h4
[2016-08-02 17:23:52] [INFO] [textBox1_KeyPress] [31] [D:\projects\ZhaoStephen.LoggingDotNet\ZhaoStephen.LoggingDotNetDemoApp\LoggingDemoAppForm.cs] t5te5ym54w45
[2016-08-02 17:23:53] [INFO] [textBox1_KeyPress] [31] [D:\projects\ZhaoStephen.LoggingDotNet\ZhaoStephen.LoggingDotNetDemoApp\LoggingDemoAppForm.cs] 643q345f423q
[2016-08-02 17:23:54] [INFO] [textBox1_KeyPress] [31] [D:\projects\ZhaoStephen.LoggingDotNet\ZhaoStephen.LoggingDotNetDemoApp\LoggingDemoAppForm.cs] 345f432
[2016-08-02 17:23:55] [INFO] [textBox1_KeyPress] [31] [D:\projects\ZhaoStephen.LoggingDotNet\ZhaoStephen.LoggingDotNetDemoApp\LoggingDemoAppForm.cs] 35h54
[2016-08-02 17:23:55] [INFO] [textBox1_KeyPress] [31] [D:\projects\ZhaoStephen.LoggingDotNet\ZhaoStephen.LoggingDotNetDemoApp\LoggingDemoAppForm.cs] 356
[2016-08-02 17:23:55] [INFO] [textBox1_KeyPress] [31] [D:\projects\ZhaoStephen.LoggingDotNet\ZhaoStephen.LoggingDotNetDemoApp\LoggingDemoAppForm.cs] g45t5
[2016-08-02 17:23:56] [INFO] [textBox1_KeyPress] [31] [D:\projects\ZhaoStephen.LoggingDotNet\ZhaoStephen.LoggingDotNetDemoApp\LoggingDemoAppForm.cs] rewert
[2016-08-02 17:23:57] [INFO] [textBox1_KeyPress] [31] [D:\projects\ZhaoStephen.LoggingDotNet\ZhaoStephen.LoggingDotNetDemoApp\LoggingDemoAppForm.cs] gtrwe
[2016-08-02 17:23:57] [INFO] [textBox1_KeyPress] [31] [D:\projects\ZhaoStephen.LoggingDotNet\ZhaoStephen.LoggingDotNetDemoApp\LoggingDemoAppForm.cs] e
[2016-08-02 17:23:57] [INFO] [textBox1_KeyPress] [31] [D:\projects\ZhaoStephen.LoggingDotNet\ZhaoStephen.LoggingDotNetDemoApp\LoggingDemoAppForm.cs] rt
[2016-08-02 17:23:57] [INFO] [textBox1_KeyPress] [31] [D:\projects\ZhaoStephen.LoggingDotNet\ZhaoStephen.LoggingDotNetDemoApp\LoggingDemoAppForm.cs] g
[2016-08-02 17:23:57] [INFO] [textBox1_KeyPress] [31] [D:\projects\ZhaoStephen.LoggingDotNet\ZhaoStephen.LoggingDotNetDemoApp\LoggingDemoAppForm.cs] t
[2016-08-02 17:23:58] [INFO] [textBox1_KeyPress] [31] [D:\projects\ZhaoStephen.LoggingDotNet\ZhaoStephen.LoggingDotNetDemoApp\LoggingDemoAppForm.cs] r
[2016-08-02 17:23:58] [INFO] [textBox1_KeyPress] [31] [D:\projects\ZhaoStephen.LoggingDotNet\ZhaoStephen.LoggingDotNetDemoApp\LoggingDemoAppForm.cs] 
[2016-08-02 17:23:58] [INFO] [textBox1_KeyPress] [31] [D:\projects\ZhaoStephen.LoggingDotNet\ZhaoStephen.LoggingDotNetDemoApp\LoggingDemoAppForm.cs] 
[2016-08-02 17:23:59] [INFO] [textBox1_KeyPress] [31] [D:\projects\ZhaoStephen.LoggingDotNet\ZhaoStephen.LoggingDotNetDemoApp\LoggingDemoAppForm.cs] r
[2016-08-02 17:23:59] [INFO] [textBox1_KeyPress] [31] [D:\projects\ZhaoStephen.LoggingDotNet\ZhaoStephen.LoggingDotNetDemoApp\LoggingDemoAppForm.cs] r
[2016-08-02 17:23:59] [INFO] [textBox1_KeyPress] [31] [D:\projects\ZhaoStephen.LoggingDotNet\ZhaoStephen.LoggingDotNetDemoApp\LoggingDemoAppForm.cs] 
[2016-08-02 17:23:59] [INFO] [textBox1_KeyPress] [31] [D:\projects\ZhaoStephen.LoggingDotNet\ZhaoStephen.LoggingDotNetDemoApp\LoggingDemoAppForm.cs] 
[2016-08-02 17:23:59] [INFO] [textBox1_KeyPress] [31] [D:\projects\ZhaoStephen.LoggingDotNet\ZhaoStephen.LoggingDotNetDemoApp\LoggingDemoAppForm.cs] 
[2016-08-02 17:23:59] [INFO] [textBox1_KeyPress] [31] [D:\projects\ZhaoStephen.LoggingDotNet\ZhaoStephen.LoggingDotNetDemoApp\LoggingDemoAppForm.cs] 
[2016-08-02 17:23:59] [INFO] [textBox1_KeyPress] [31] [D:\projects\ZhaoStephen.LoggingDotNet\ZhaoStephen.LoggingDotNetDemoApp\LoggingDemoAppForm.cs] 
[2016-08-02 17:23:59] [INFO] [textBox1_KeyPress] [31] [D:\projects\ZhaoStephen.LoggingDotNet\ZhaoStephen.LoggingDotNetDemoApp\LoggingDemoAppForm.cs] 
[2016-08-02 17:23:59] [INFO] [textBox1_KeyPress] [31] [D:\projects\ZhaoStephen.LoggingDotNet\ZhaoStephen.LoggingDotNetDemoApp\LoggingDemoAppForm.cs] 
[2016-08-02 17:23:59] [INFO] [textBox1_KeyPress] [31] [D:\projects\ZhaoStephen.LoggingDotNet\ZhaoStephen.LoggingDotNetDemoApp\LoggingDemoAppForm.cs] 
[2016-08-02 17:23:59] [INFO] [textBox1_KeyPress] [31] [D:\projects\ZhaoStephen.LoggingDotNet\ZhaoStephen.LoggingDotNetDemoApp\LoggingDemoAppForm.cs] 
[2016-08-02 17:23:59] [INFO] [textBox1_KeyPress] [31] [D:\projects\ZhaoStephen.LoggingDotNet\ZhaoStephen.LoggingDotNetDemoApp\LoggingDemoAppForm.cs] 
[2016-08-02 17:24:00] [INFO] [textBox1_KeyPress] [31] [D:\projects\ZhaoStephen.LoggingDotNet\ZhaoStephen.LoggingDotNetDemoApp\LoggingDemoAppForm.cs] 
[2016-08-02 17:24:00] [INFO] [textBox1_KeyPress] [31] [D:\projects\ZhaoStephen.LoggingDotNet\ZhaoStephen.LoggingDotNetDemoApp\LoggingDemoAppForm.cs] 
[2016-08-02 17:24:00] [INFO] [textBox1_KeyPress] [31] [D:\projects\ZhaoStephen.LoggingDotNet\ZhaoStephen.LoggingDotNetDemoApp\LoggingDemoAppForm.cs] 
[2016-08-02 17:24:00] [INFO] [textBox1_KeyPress] [31] [D:\projects\ZhaoStephen.LoggingDotNet\ZhaoStephen.LoggingDotNetDemoApp\LoggingDemoAppForm.cs] 
[2016-08-02 17:24:00] [INFO] [textBox1_KeyPress] [31] [D:\projects\ZhaoStephen.LoggingDotNet\ZhaoStephen.LoggingDotNetDemoApp\LoggingDemoAppForm.cs] 
[2016-08-02 17:24:00] [INFO] [textBox1_KeyPress] [31] [D:\projects\ZhaoStephen.LoggingDotNet\ZhaoStephen.LoggingDotNetDemoApp\LoggingDemoAppForm.cs] 
[2016-08-02 17:24:00] [INFO] [textBox1_KeyPress] [31] [D:\projects\ZhaoStephen.LoggingDotNet\ZhaoStephen.LoggingDotNetDemoApp\LoggingDemoAppForm.cs] 
[2016-08-02 17:24:00] [INFO] [textBox1_KeyPress] [31] [D:\projects\ZhaoStephen.LoggingDotNet\ZhaoStephen.LoggingDotNetDemoApp\LoggingDemoAppForm.cs] 
[2016-08-02 17:24:00] [INFO] [textBox1_KeyPress] [31] [D:\projects\ZhaoStephen.LoggingDotNet\ZhaoStephen.LoggingDotNetDemoApp\LoggingDemoAppForm.cs] 
[2016-08-02 17:24:00] [INFO] [textBox1_KeyPress] [31] [D:\projects\ZhaoStephen.LoggingDotNet\ZhaoStephen.LoggingDotNetDemoApp\LoggingDemoAppForm.cs] 
[2016-08-02 17:24:00] [INFO] [textBox1_KeyPress] [31] [D:\projects\ZhaoStephen.LoggingDotNet\ZhaoStephen.LoggingDotNetDemoApp\LoggingDemoAppForm.cs] 
[2016-08-02 17:24:00] [INFO] [textBox1_KeyPress] [31] [D:\projects\ZhaoStephen.LoggingDotNet\ZhaoStephen.LoggingDotNetDemoApp\LoggingDemoAppForm.cs] 
[2016-08-02 17:24:00] [INFO] [textBox1_KeyPress] [31] [D:\projects\ZhaoStephen.LoggingDotNet\ZhaoStephen.LoggingDotNetDemoApp\LoggingDemoAppForm.cs] 
[2016-08-02 17:24:00] [INFO] [textBox1_KeyPress] [31] [D:\projects\ZhaoStephen.LoggingDotNet\ZhaoStephen.LoggingDotNetDemoApp\LoggingDemoAppForm.cs] 
[2016-08-02 17:24:00] [INFO] [textBox1_KeyPress] [31] [D:\projects\ZhaoStephen.LoggingDotNet\ZhaoStephen.LoggingDotNetDemoApp\LoggingDemoAppForm.cs] 
[2016-08-02 17:24:00] [INFO] [textBox1_KeyPress] [31] [D:\projects\ZhaoStephen.LoggingDotNet\ZhaoStephen.LoggingDotNetDemoApp\LoggingDemoAppForm.cs] 
[2016-08-02 17:24:00] [INFO] [textBox1_KeyPress] [31] [D:\projects\ZhaoStephen.LoggingDotNet\ZhaoStephen.LoggingDotNetDemoApp\LoggingDemoAppForm.cs] 
[2016-08-02 17:24:00] [INFO] [textBox1_KeyPress] [31] [D:\projects\ZhaoStephen.LoggingDotNet\ZhaoStephen.LoggingDotNetDemoApp\LoggingDemoAppForm.cs] 
[2016-08-02 17:24:00] [INFO] [textBox1_KeyPress] [31] [D:\projects\ZhaoStephen.LoggingDotNet\ZhaoStephen.LoggingDotNetDemoApp\LoggingDemoAppForm.cs] 
[2016-08-02 17:24:01] [INFO] [textBox1_KeyPress] [31] [D:\projects\ZhaoStephen.LoggingDotNet\ZhaoStephen.LoggingDotNetDemoApp\LoggingDemoAppForm.cs] 
[2016-08-02 17:24:01] [INFO] [textBox1_KeyPress] [31] [D:\projects\ZhaoStephen.LoggingDotNet\ZhaoStephen.LoggingDotNetDemoApp\LoggingDemoAppForm.cs] 
[2016-08-02 17:24:01] [INFO] [textBox1_KeyPress] [31] [D:\projects\ZhaoStephen.LoggingDotNet\ZhaoStephen.LoggingDotNetDemoApp\LoggingDemoAppForm.cs] 
[2016-08-02 17:24:01] [INFO] [textBox1_KeyPress] [31] [D:\projects\ZhaoStephen.LoggingDotNet\ZhaoStephen.LoggingDotNetDemoApp\LoggingDemoAppForm.cs] 
[2016-08-02 17:24:01] [INFO] [textBox1_KeyPress] [31] [D:\projects\ZhaoStephen.LoggingDotNet\ZhaoStephen.LoggingDotNetDemoApp\LoggingDemoAppForm.cs] 
[2016-08-02 17:24:01] [INFO] [textBox1_KeyPress] [31] [D:\projects\ZhaoStephen.LoggingDotNet\ZhaoStephen.LoggingDotNetDemoApp\LoggingDemoAppForm.cs] 
[2016-08-02 17:24:01] [INFO] [textBox1_KeyPress] [31] [D:\projects\ZhaoStephen.LoggingDotNet\ZhaoStephen.LoggingDotNetDemoApp\LoggingDemoAppForm.cs] 
[2016-08-02 17:24:01] [INFO] [textBox1_KeyPress] [31] [D:\projects\ZhaoStephen.LoggingDotNet\ZhaoStephen.LoggingDotNetDemoApp\LoggingDemoAppForm.cs] 
[2016-08-02 17:24:02] [INFO] [textBox1_KeyPress] [31] [D:\projects\ZhaoStephen.LoggingDotNet\ZhaoStephen.LoggingDotNetDemoApp\LoggingDemoAppForm.cs] 56u65
[2016-08-02 17:24:02] [INFO] [textBox1_KeyPress] [31] [D:\projects\ZhaoStephen.LoggingDotNet\ZhaoStephen.LoggingDotNetDemoApp\LoggingDemoAppForm.cs] 7567
[2016-08-02 17:24:03] [INFO] [textBox1_KeyPress] [31] [D:\projects\ZhaoStephen.LoggingDotNet\ZhaoStephen.LoggingDotNetDemoApp\LoggingDemoAppForm.cs] 657567
[2016-08-02 17:24:03] [INFO] [textBox1_KeyPress] [31] [D:\projects\ZhaoStephen.LoggingDotNet\ZhaoStephen.LoggingDotNetDemoApp\LoggingDemoAppForm.cs] 56756
[2016-08-02 17:24:03] [INFO] [textBox1_KeyPress] [31] [D:\projects\ZhaoStephen.LoggingDotNet\ZhaoStephen.LoggingDotNetDemoApp\LoggingDemoAppForm.cs] 765
[2016-08-02 17:24:03] [INFO] [textBox1_KeyPress] [31] [D:\projects\ZhaoStephen.LoggingDotNet\ZhaoStephen.LoggingDotNetDemoApp\LoggingDemoAppForm.cs] 67
[2016-08-02 17:24:03] [INFO] [textBox1_KeyPress] [31] [D:\projects\ZhaoStephen.LoggingDotNet\ZhaoStephen.LoggingDotNetDemoApp\LoggingDemoAppForm.cs] 56
[2016-08-02 17:24:04] [INFO] [textBox1_KeyPress] [31] [D:\projects\ZhaoStephen.LoggingDotNet\ZhaoStephen.LoggingDotNetDemoApp\LoggingDemoAppForm.cs] 75
[2016-08-02 17:24:04] [INFO] [textBox1_KeyPress] [31] [D:\projects\ZhaoStephen.LoggingDotNet\ZhaoStephen.LoggingDotNetDemoApp\LoggingDemoAppForm.cs] 675
[2016-08-02 17:24:04] [INFO] [textBox1_KeyPress] [31] [D:\projects\ZhaoStephen.LoggingDotNet\ZhaoStephen.LoggingDotNetDemoApp\LoggingDemoAppForm.cs] 67
[2016-08-02 17:24:05] [INFO] [textBox1_KeyPress] [31] [D:\projects\ZhaoStephen.Loggi