[2016-08-02 17:32:10] [ERROR] [textBox1_KeyPress] [35] [D:\projects\ZhaoStephen.LoggingDotNet\ZhaoStephen.LoggingDotNetDemoApp\LoggingDemoAppForm.cs] Failed to run command ''.
[2016-08-02 17:32:10] [INFO] [textBox1_KeyPress] [32] [D:\projects\ZhaoStephen.LoggingDotNet\ZhaoStephen.LoggingDotNetDemoApp\LoggingDemoAppForm.cs] 
[2016-08-02 17:32:20] [INFO] [textBox1_KeyPress] [32] [D:\projects\ZhaoStephen.LoggingDotNet\ZhaoStephen.LoggingDotNetDemoApp\LoggingDemoAppForm.cs] 
[2016-08-02 17:32:20] [ERROR] [textBox1_KeyPress] [35] [D:\projects\ZhaoStephen.LoggingDotNet\ZhaoStephen.LoggingDotNetDemoApp\LoggingDemoAppForm.cs] Failed to run command ''.
[2016-08-02 17:32:20] [INFO] [textBox1_KeyPress] [32] [D:\projects\ZhaoStephen.LoggingDotNet\ZhaoStephen.LoggingDotNetDemoApp\LoggingDemoAppForm.cs] 
[2016-08-02 17:32:20] [ERROR] [textBox1_KeyPress] [35] [D:\projects\ZhaoStephen.LoggingDotNet\ZhaoStephen.LoggingDotNetDemoApp\LoggingDemoAppForm.cs] Failed to run command ''.
[2016-08-02 17:32:20] [INFO] [textBox1_KeyPress] [32] [D:\projects\ZhaoStephen.LoggingDotNet\ZhaoStephen.LoggingDotNetDemoApp\LoggingDemoAppForm.cs] 
[2016-08-02 17:32:20] [ERROR] [textBox1_KeyPress] [35] [D:\projects\ZhaoStephen.LoggingDotNet\ZhaoStephen.LoggingDotNetDemoApp\LoggingDemoAppForm.cs] Failed to run command ''.
[2016-08-02 17:32:34] [INFO] [textBox1_KeyPress] [32] [D:\projects\ZhaoStephen.LoggingDotNet\ZhaoStephen.LoggingDotNetDemoApp\LoggingDemoAppForm.cs] ahh
[2016-08-02 17:32:34] [WARN] [RunCommand] [50] [D:\projects\ZhaoStephen.LoggingDotNet\ZhaoStephen.LoggingDotNetDemoApp\LoggingDemoAppForm.cs] careful, dude...
[2016-08-02 17:32:39] [INFO] [textBox1_KeyPress] [32] [D:\projects\ZhaoStephen.LoggingDotNet\ZhaoStephen.LoggingDotNetDemoApp\LoggingDemoAppForm.cs] ah
[2016-08-02 17:32:39] [ERROR] [textBox1_KeyPress] [35] [D:\projects\ZhaoStephen.LoggingDotNet\ZhaoStephen.LoggingDotNetDemoApp\LoggingDemoAppForm.cs] Failed to run command 'ah'.
[2016-08-02 17:32:43] [INFO] [textBox1_KeyPress] [32] [D:\projects\ZhaoStephen.LoggingDotNet\ZhaoStephen.LoggingDotNetDemoApp\LoggingDemoAppForm.cs] ahh
[2016-08-02 17:32:43] [WARN] [RunCommand] [50] [D:\projects\ZhaoStephen.LoggingDotNet\ZhaoStephen.LoggingDotNetDemoApp\LoggingDemoAppForm.cs] careful, dude...
[2016-08-02 17:32:45] [INFO] [textBox1_KeyPress] [32] [D:\projects\ZhaoStephen.LoggingDotNet\ZhaoStephen.LoggingDotNetDemoApp\LoggingDemoAppForm.cs] ah
[2016-08-02 17:32:45] [ERROR] [textBox1_KeyPress] [35] [D:\projects\ZhaoStephen.LoggingDotNet\ZhaoStephen.LoggingDotNetDemoApp\LoggingDemoAppForm.cs] Failed to run command 'ah'.
[2016-08-02 17:32:46] [INFO] [textBox1_KeyPress] [32] [D:\projects\ZhaoStephen.LoggingDotNet\ZhaoStephen.LoggingDotNetDemoApp\LoggingDemoAppForm.cs] ah
[2016-08-02 17:32:46] [ERROR] [textBox1_KeyPress] [35] [D:\projects\ZhaoStephen.LoggingDotNet\ZhaoStephen.LoggingDotNetDemoApp\LoggingDemoAppForm.cs] Failed to run command 'ah'.
[2016-08-02 17:32:47] [INFO] [textBox1_KeyPress] [32] [D:\projects\ZhaoStephen.LoggingDotNet\ZhaoStephen.LoggingDotNetDemoApp\LoggingDemoAppForm.cs] ah
[2016-08-02 17:32:47] [ERROR] [textBox1_KeyPress] [35] [D:\projects\ZhaoStephen.LoggingDotNet\ZhaoStephen.LoggingDotNetDemoApp\LoggingDemoAppForm.cs] Failed to run command 'ah'.
[2016-08-02 17:32:47] [INFO] [textBox1_KeyPress] [32] [D:\projects\ZhaoStephen.LoggingDotNet\ZhaoStephen.LoggingDotNetDemoApp\LoggingDemoAppForm.cs] ah
[2016-08-02 17:32:47] [ERROR] [textBox1_KeyPress] [35] [D:\projects\ZhaoStephen.LoggingDotNet\ZhaoStephen.LoggingDotNetDemoApp\LoggingDemoAppForm.cs] Failed to run command 'ah'.
[2016-08-02 17:32:47] [INFO] [textBox1_KeyPress] [32] [D:\projects\ZhaoStephen.LoggingDotNet\ZhaoStephen.LoggingDotNetDemoApp\LoggingDemoAppForm.cs] ah
[2016-08-02 17:32:47] [ERROR] [textBox1_KeyPress] [35] [D:\projects\ZhaoStephen.LoggingDotNet\ZhaoStephen.LoggingDotNetDemoApp\LoggingDemoAppForm.cs] Failed to run command 'ah'.
[2016-08-02 17:32:48] [INFO] [textBox1_KeyPress] [32] [D:\projects\ZhaoStephen.LoggingDotNet\ZhaoStephen.LoggingDotNetDemoApp\LoggingDemoAppForm.cs] ah
[2016-08-02 17:32:48] [ERROR] [textBox1_KeyPress] [35] [D:\projects\ZhaoStephen.LoggingDotNet\ZhaoStephen.LoggingDotNetDemoApp\LoggingDemoAppForm.cs] Failed to run command 'ah'.
[2016-08-02 17:32:48] [INFO] [textBox1_KeyPress] [32] [D:\projects\ZhaoStephen.LoggingDotNet\ZhaoStephen.LoggingDotNetDemoApp\LoggingDemoAppForm.cs] ah
[2016-08-02 17:32:48] [ERROR] [textBox1_KeyPress] [35] [D:\projects\ZhaoStephen.LoggingDotNet\ZhaoStephen.LoggingDotNetDemoApp\LoggingDemoAppForm.cs] Failed to run command 'ah'.
[2016-08-02 17:32:49] [INFO] [textBox1_KeyPress] [32] [D:\projects\ZhaoStephen.LoggingDotNet\ZhaoStephen.LoggingDotNetDemoApp\LoggingDemoAppForm.cs] ah
[2016-08-02 17:32:49] [ERROR] [textBox1_KeyPress] [35] [D:\projects\ZhaoStephen.LoggingDotNet\ZhaoStephen.LoggingDotNetDemoApp\LoggingDemoAppForm.cs] Failed to run command 'ah'.
[2016-08-02 17:32:51] [INFO] [textBox1_KeyPress] [32] [D:\projects\ZhaoStephen.LoggingDotNet\ZhaoStephen.LoggingDotNetDemoApp\LoggingDemoAppForm.cs] ah
[2016-08-02 17:32:51] [ERROR] [textBox1_KeyPress] [35] [D:\projects\ZhaoStephen.LoggingDotNet\ZhaoStephen.LoggingDotNetDemoApp\LoggingDemoAppForm.cs] Failed to run command 'ah'.
[2016-08-02 17:32:52] [INFO] [textBox1_KeyPress] [32] [D:\projects\ZhaoStephen.LoggingDotNet\ZhaoStephen.LoggingDotNetDemoApp\LoggingDemoAppForm.cs] ah
[2016-08-02 17:32:52] [ERROR] [textBox1_KeyPress] [35] [D:\projects\ZhaoStephen.LoggingDotNet\ZhaoStephen.LoggingDotNetDemoApp\LoggingDemoAppForm.cs] Failed to run command 'ah'.
[2016-08-02 17:32:52] [INFO] [textBox1_KeyPress] [32] [D:\projects\ZhaoStephen.LoggingDotNet\ZhaoStephen.LoggingDotNetDemoApp\LoggingDemoAppForm.cs] ah
[2016-08-02 17:32:52] [ERROR] [textBox1_KeyPress] [35] [D:\projects\ZhaoStephen.LoggingDotNet\ZhaoStephen.LoggingDotNetDemoApp\LoggingDemoAppForm.cs] Failed to run command 'ah'.
[2016-08-02 17:32:52] [INFO] [textBox1_KeyPress] [32] [D:\projects\ZhaoStephen.LoggingDotNet\ZhaoStephen.LoggingDotNetDemoApp\LoggingDemoAppForm.cs] ah
[2016-08-02 17:32:52] [ERROR] [textBox1_KeyPress] [35] [D:\projects\ZhaoStephen.LoggingDotNet\ZhaoStephen.LoggingDotNetDemoApp\LoggingDemoAppForm.cs] Failed to run command 'ah'.
[2016-08-02 17:32:53] [INFO] [textBox1_KeyPress] [32] [D:\projects\ZhaoStephen.LoggingDotNet\ZhaoStephen.LoggingDotNetDemoApp\LoggingDemoAppForm.cs] ah
[2016-08-02 17:32:53] [ERROR] [textBox1_KeyPress] [35] [D:\projects\ZhaoStephen.LoggingDotNet\ZhaoStephen.LoggingDotNetDemoApp\LoggingDemoAppForm.cs] Failed to run command 'ah'.
[2016-08-02 17:32:53] [INFO] [textBox1_KeyPress] [32] [D:\projects\ZhaoStephen.LoggingDotNet\ZhaoStephen.LoggingDotNetDemoApp\LoggingDemoAppForm.cs] ah
[2016-08-02 17:32:53] [ERROR] [textBox1_KeyPress] [35] [D:\projects\ZhaoStephen.LoggingDotNet\ZhaoStephen.LoggingDotNetDemoApp\LoggingDemoAppForm.cs] Failed to run command 'ah'.
[2016-08-02 17:32:53] [INFO] [textBox1_KeyPress] [32] [D:\projects\ZhaoStephen.LoggingDotNet\ZhaoStephen.LoggingDotNetDemoApp\LoggingDemoAppForm.cs] ah
[2016-08-02 17:32:53] [ERROR] [textBox1_KeyPress] [35] [D:\projects\ZhaoStephen.LoggingDotNet\ZhaoStephen.LoggingDotNetDemoApp\LoggingDemoAppForm.cs] Failed to run command 'ah'.
[2016-08-02 17:32:53] [INFO] [textBox1_KeyPress] [32] [D:\projects\ZhaoStephen.LoggingDotNet\ZhaoStephen.LoggingDotNetDemoApp\LoggingDemoAppForm.cs] ah
[2016-08-02 17:32:53] [ERROR] [textBox1_KeyPress] [35] [D:\projects\ZhaoStephen.LoggingDotNet\ZhaoStephen.LoggingDotNetDemoApp\LoggingDemoAppForm.cs] Failed to run command 'ah'.
[2016-08-02 17:32:54] [INFO] [textBox1_KeyPress] [32] [D:\projects\ZhaoStephen.LoggingDotNet\ZhaoStephen.LoggingDotNetDemoApp\LoggingDemoAppForm.cs] ah
[2016-08-02 17:32:54] [ERROR] [textBox1_KeyPress] [35] [D:\projects\ZhaoStephen.LoggingDotNet\ZhaoStephen.LoggingDotNetDemoApp\LoggingDemoAppForm.cs] Failed to run command 'ah'.
[2016-08-02 17:32:54] [INFO] [textBox1_KeyPress] [32] [D:\projects\ZhaoStephen.LoggingDotNet\ZhaoStephen.LoggingDotNetDemoApp\LoggingDemoAppForm.cs] ah
[2016-08-02 17:32:54] [ERROR] [textBox1_KeyPress] [35] [D:\projects\ZhaoStephen.LoggingDotNet\ZhaoStephen.LoggingDotNetDemoApp\LoggingDemoAppForm.cs] Failed to run command 'ah'.
[2016-08-02 17:32:54] [INFO] [textBox1_KeyPress] [32] [D:\projects\ZhaoStephen.LoggingDotNet\ZhaoStephen.LoggingDotNetDemoApp\LoggingDemoAppForm.cs] ah
[2016-08-02 17:32:54] [ERROR] [textBox1_KeyPress] [35] [D:\projects\ZhaoStephen.LoggingDotNet\ZhaoStephen.LoggingDotNetDemoApp\LoggingDemoAppForm.cs] Failed to run command 'ah'.
[2016-08-02 17:32:55] [INFO] [textBox1_KeyPress] [32] [D:\projects\ZhaoStephen.LoggingDotNet\ZhaoStephen.LoggingDotNetDemoApp\LoggingDemoAppForm.cs] ah
[2016-08-02 17:32:55] [ERROR] [textBox1_KeyPress] [35] [D:\projects\ZhaoStephen.LoggingDotNet\ZhaoStephen.LoggingDotNetDemoApp\LoggingDemoAppForm.cs] Failed to run command 'ah'.
[2016-08-02 17:32:55] [INFO] [textBox1_KeyPress] [32] [D:\projects\ZhaoStephen.LoggingDotNet\ZhaoStephen.LoggingDotNetDemoApp\LoggingDemoAppForm.cs] ah
[2016-08-02 17:32:55] [ERROR] [textBox1_KeyPress] [35] [D:\projects\ZhaoStephen.LoggingDotNet\ZhaoStephen.LoggingDotNetDemoApp\LoggingDemoAppForm.cs] Failed to run command 'ah'.
[2016-08-02 17:32:55] [INFO] [textBox1_KeyPress] [32] [D:\projects\ZhaoStephen.LoggingDotNet\ZhaoStephen.LoggingDotNetDemoApp\LoggingDemoAppForm.cs] ah
[2016-08-02 17:32:55] [ERROR] [textBox1_KeyPress] [35] [D:\projects\ZhaoStephen.LoggingDotNet\ZhaoStephen.LoggingDotNetDemoApp\LoggingDemoAppForm.cs] Failed to run command 'ah'.
[2016-08-02 17:32:55] [INFO] [textBox1_KeyPress] [32] [D:\projects\ZhaoStephen.LoggingDotNet\ZhaoStephen.LoggingDotNetDemoApp\LoggingDemoAppForm.cs] ah
[2016-08-02 17:32:55] [ERROR] [textBox1_KeyPress] [35] [D:\projects\ZhaoStephen.LoggingDotNet\ZhaoStephen.LoggingDotNetDemoApp\LoggingDemoAppForm.cs] Failed to run command 'ah'.
[2016-08-02 17:32:56] [INFO] [textBox1_KeyPress] [32] [D:\projects\ZhaoStephen.LoggingDotNet\ZhaoStephen.LoggingDotNetDemoApp\LoggingDemoAppForm.cs] ah
[2016-08-02 17:32:56] [ERROR] [textBox1_KeyPress] [35] [D:\projects\ZhaoStephen.LoggingDotNet\ZhaoStephen.LoggingDotNetDemoApp\LoggingDemoAppForm.cs] Failed to run command 'ah'.
[2016-08-02 17:32:56] [INFO] [textBox1_KeyPress] [32] [D:\projects\ZhaoStephen.LoggingDotNet\ZhaoStephen.LoggingDotNetDemoApp\LoggingDemoAppForm.cs] ah
[2016-08-02 17:32:56] [ERROR] [textBox1_KeyPress] [35] [D:\projects\ZhaoStephen.LoggingDotNet\ZhaoStephen.LoggingDotNetDemoApp\LoggingDemoAppForm.cs] Failed to run command 'ah'.
[2016-08-02 17:32:56] [INFO] [textBox1_KeyPress] [32] [D:\projects\ZhaoStephen.LoggingDotNet\ZhaoStephen.LoggingDotNetDemoApp\LoggingDemoAppForm.cs] ah
[2016-08-02 17:32:56] [ERROR] [textBox1_KeyPress] [35] [D:\projects\ZhaoStephen.LoggingDotNet\ZhaoStephen.LoggingDotNetDemoApp\LoggingDemoAppForm.cs] Failed to run command 'ah'.
[2016-08-02 17:32:56] [INFO] [textBox1_KeyPress] [32] [D:\projects\ZhaoStephen.LoggingDotNet\ZhaoStephen.LoggingDotNetDemoApp\LoggingDemoAppForm.cs] ah
[2016-08-02 17:32:56] [ERROR] [textBox1_KeyPress] [35] [D:\projects\ZhaoStephen.LoggingDotNet\ZhaoStephen.LoggingDotNetDemoApp\LoggingDemoAppForm.cs] Failed to run command 'ah'.
[2016-08-02 17:32:57] [INFO] [textBox1_KeyPress] [32] [D:\projects\ZhaoStephen.LoggingDotNet\ZhaoStephen.LoggingDotNetDemoApp\LoggingDemoAppForm.cs] ah
[2016-08-02 17:32:57] [ERROR] [textBox1_KeyPress] [35] [D:\projects\ZhaoStephen.LoggingDotNet\ZhaoStephen.LoggingDotNetDemoApp\LoggingDemoAppForm.cs] Failed to run command 'ah'.
[2016-08-02 17:32:57] [INFO] [textBox1_KeyPress] [32] [D:\projects\ZhaoStephen.LoggingDotNet\ZhaoStephen.LoggingDotNetDemoApp\LoggingDemoAppForm.cs] ah
[2016-08-02 17:32:57] [ERROR] [textBox1_KeyPress] [35] [D:\projects\ZhaoStephen.LoggingDotNet\ZhaoStephen.LoggingDotNetDemoApp\LoggingDemoAppForm.cs] Failed to run command 'ah'.
[2016-08-02 17:32:57] [INFO] [textBox1_KeyPress] [32] [D:\projects\ZhaoStephen.LoggingDotNet\ZhaoStephen.LoggingDotNetDemoApp\LoggingDemoAppForm.cs] ah
[2016-08-02 17:32:57] [ERROR] [textBox1_KeyPress] [35] [D:\projects\ZhaoStephen.LoggingDotNet\ZhaoStephen.LoggingDotNetDemoApp\LoggingDemoAppForm.cs] Failed to run command 'ah'.
[2016-08-02 17:32:58] [INFO] [textBox1_KeyPress] [32] [D:\projects\ZhaoStephen.LoggingDotNet\ZhaoStephen.LoggingDotNetDemoApp\LoggingDemoAppForm.cs] ah
[2016-08-02 17:32:58] [ERROR] [textBox1_KeyPress] [35] [D:\projects\ZhaoStephen.LoggingDotNet\ZhaoStephen.LoggingDotNetDemoApp\LoggingDemoAppForm.cs] Failed to run command 'ah'.
[2016-08-02 17:32:58] [INFO] [textBox1_KeyPress] [32] [D:\projects\ZhaoStephen.LoggingDotNet\ZhaoStephen.LoggingDotNetDemoApp\LoggingDemoAppForm.cs] ah
[2016-08-02 17:32:58] [ERROR] [textBox1_KeyPress] [35] [D:\projects\ZhaoStephen.LoggingDotNet\ZhaoStephen.LoggingDotNetDemoApp\LoggingDemoAppForm.cs] Failed to run command 'ah'.
[2016-08-02 17:32:58] [INFO] [textBox1_KeyPress] [32] [D:\projects\ZhaoStephen.LoggingDotNet\ZhaoStephen.LoggingDotNetDemoApp\LoggingDemoAppForm.cs] ah
[2016-08-02 17:32:58] [ERROR] [textBox1_KeyPress] [35] [D:\projects\ZhaoStephen.LoggingDotNet\ZhaoStephen.LoggingDotNetDemoApp\LoggingDemoAppForm.cs] Failed to run command 'ah'.
[2016-08-02 17:32:59] [INFO] [textBox1_KeyPress] [32] [D:\projects\ZhaoStephen.LoggingDotNet\ZhaoStephen.LoggingDotNetDemoApp\LoggingDemoAppForm.cs] ah
[2016-08-02 17:32:59] [ERROR] [textBox1_KeyPress] [35] [D:\projects\ZhaoStephen.LoggingDotNet\ZhaoStephen.LoggingDotNetDemoApp\LoggingDemoAppForm.cs] Failed to run command 'ah'.
[2016-08-02 17:32:59] [INFO] [textBox1_KeyPress] [32] [D:\projects\ZhaoStephen.LoggingDotNet\ZhaoStephen.LoggingDotNetDemoApp\LoggingDemoAppForm.cs] ah
[2016-08-02 17:32:59] [ERROR] [textBox1_KeyPress] [35] [D:\projects\ZhaoStephen.LoggingDotNet\ZhaoStephen.LoggingDotNetDemoApp\LoggingDemoAppForm.cs] Failed to run command 'ah'.
[2016-08-02 17:33:00] [INFO] [textBox1_KeyPress] [32] [D:\projects\ZhaoStephen.LoggingDotNet\ZhaoStephen.LoggingDotNetDemoApp\LoggingDemoAppForm.cs] ah
[2016-08-02 17:33:00] [ERROR] [textBox1_KeyPress] [35] [D:\projects\ZhaoStephen.LoggingDotNet\ZhaoStephen.LoggingDotNetDemoApp\LoggingDemoAppForm.cs] Failed to run command 'ah'.
[2016-08-02 17:33:00] [INFO] [textBox1_KeyPress] [32] [D:\projects\ZhaoStephen.LoggingDotNet\ZhaoStephen.LoggingDotNetDemoApp\LoggingDemoAppForm.cs] ah
[2016-08-02 17:33:00] [ERROR] [textBox1_KeyPress] [35] [D:\projects\ZhaoStephen.LoggingDotNet\ZhaoStephen.LoggingDotNetDemoApp\LoggingDemoAppForm.cs] Failed to run command 'ah'.
[2016-08-02 17:33:02] [INFO] [textBox1_KeyPress] [32] [D:\projects\ZhaoStephen.LoggingDotNet\ZhaoStephen.LoggingDotNetDemoApp\LoggingDemoAppForm.cs] debug
[2016-08-02 17:33:02] [DEBUG] [RunCommand] [56] [D:\projects\ZhaoStephen.LoggingDotNet\ZhaoStephen.LoggingDotNetDemoApp\LoggingDemoAppForm.cs] This is a debug message
[2016-08-02 17:33:05] [INFO] [textBox1_KeyPress] [32] [D:\projects\ZhaoStephen.LoggingDotNet\ZhaoStephen.LoggingDotNetDemoApp\LoggingDemoAppForm.cs] shinu
[2016-08-02 17:33:05] [FATAL] [RunCommand] [53] [D:\projects\ZhaoStephen.LoggingDotNet\ZhaoStephen.LoggingDotNetDemoApp\LoggingDemoAppForm.cs] Don't eat that mushroom, it's fatal.
[2016-08-02 17:33:08] [INFO] [textBox1_KeyPress] [32] [D:\projects\ZhaoStephen.LoggingDotNet\ZhaoStephen.LoggingDotNetDemoApp\LoggingDemoAppFor