[2016-08-03 21:30:37] [ERROR] [textBox1_KeyPress] [35] [D:\projects\ZhaoStephen.LoggingDotNet\ZhaoStephen.LoggingDotNetDemoApp\LoggingDemoAppForm.cs] Failed to run command ''. Enter 'help' for usage.
[2016-08-03 21:30:37] [ERROR] [textBox1_KeyPress] [35] [D:\projects\ZhaoStephen.LoggingDotNet\ZhaoStephen.LoggingDotNetDemoApp\LoggingDemoAppForm.cs] Failed to run command ''. Enter 'help' for usage.
[2016-08-03 21:30:38] [ERROR] [textBox1_KeyPress] [35] [D:\projects\ZhaoStephen.LoggingDotNet\ZhaoStephen.LoggingDotNetDemoApp\LoggingDemoAppForm.cs] Failed to run command ''. Enter 'help' for usage.
[2016-08-03 21:30:39] [ERROR] [textBox1_KeyPress] [35] [D:\projects\ZhaoStephen.LoggingDotNet\ZhaoStephen.LoggingDotNetDemoApp\LoggingDemoAppForm.cs] Failed to run command ''. Enter 'help' for usage.
[2016-08-03 21:30:39] [ERROR] [textBox1_KeyPress] [35] [D:\projects\ZhaoStephen.LoggingDotNet\ZhaoStephen.LoggingDotNetDemoApp\LoggingDemoAppForm.cs] Failed to run command ''. Enter 'help' for usage.
[2016-08-03 21:30:40] [ERROR] [textBox1_KeyPress] [35] [D:\projects\ZhaoStephen.LoggingDotNet\ZhaoStephen.LoggingDotNetDemoApp\LoggingDemoAppForm.cs] Failed to run command ''. Enter 'help' for usage.
[2016-08-03 21:30:40] [ERROR] [textBox1_KeyPress] [35] [D:\projects\ZhaoStephen.LoggingDotNet\ZhaoStephen.LoggingDotNetDemoApp\LoggingDemoAppForm.cs] Failed to run command ''. Enter 'help' for usage.
[2016-08-03 21:30:41] [ERROR] [textBox1_KeyPress] [35] [D:\projects\ZhaoStephen.LoggingDotNet\ZhaoStephen.LoggingDotNetDemoApp\LoggingDemoAppForm.cs] Failed to run command ''. Enter 'help' for usage.
[2016-08-03 21:30:41] [ERROR] [textBox1_KeyPress] [35] [D:\projects\ZhaoStephen.LoggingDotNet\ZhaoStephen.LoggingDotNetDemoApp\LoggingDemoAppForm.cs] Failed to run command ''. Enter 'help' for usage.
[2016-08-03 21:30:41] [ERROR] [textBox1_KeyPress] [35] [D:\projects\ZhaoStephen.LoggingDotNet\ZhaoStephen.LoggingDotNetDemoApp\LoggingDemoAppForm.cs] Failed to run command ''. Enter 'help' for usage.
[2016-08-03 21:30:41] [ERROR] [textBox1_KeyPress] [35] [D:\projects\ZhaoStephen.LoggingDotNet\ZhaoStephen.LoggingDotNetDemoApp\LoggingDemoAppForm.cs] Failed to run command ''. Enter 'help' for usage.
[2016-08-03 21:30:42] [ERROR] [textBox1_KeyPress] [35] [D:\projects\ZhaoStephen.LoggingDotNet\ZhaoStephen.LoggingDotNetDemoApp\LoggingDemoAppForm.cs] Failed to run command 'asd'. Enter 'help' for usage.
[2016-08-03 21:30:43] [ERROR] [textBox1_KeyPress] [35] [D:\projects\ZhaoStephen.LoggingDotNet\ZhaoStephen.LoggingDotNetDemoApp\LoggingDemoAppForm.cs] Failed to run command 'asd'. Enter 'help' for usage.
[2016-08-03 21:30:43] [ERROR] [textBox1_KeyPress] [35] [D:\projects\ZhaoStephen.LoggingDotNet\ZhaoStephen.LoggingDotNetDemoApp\LoggingDemoAppForm.cs] Failed to run command 'asd'. Enter 'help' for usage.
[2016-08-03 21:30:43] [ERROR] [textBox1_KeyPress] [35] [D:\projects\ZhaoStephen.LoggingDotNet\ZhaoStephen.LoggingDotNetDemoApp\LoggingDemoAppForm.cs] Failed to run command 'asd'. Enter 'help' for usage.
[2016-08-03 21:30:44] [ERROR] [textBox1_KeyPress] [35] [D:\projects\ZhaoStephen.LoggingDotNet\ZhaoStephen.LoggingDotNetDemoApp\LoggingDemoAppForm.cs] Failed to run command 'asd'. Enter 'help' for usage.
[2016-08-03 21:30:45] [ERROR] [textBox1_KeyPress] [35] [D:\projects\ZhaoStephen.LoggingDotNet\ZhaoStephen.LoggingDotNetDemoApp\LoggingDemoAppForm.cs] Failed to run command 'asd'. Enter 'help' for usage.
[2016-08-03 21:30:50] [ERROR] [textBox1_KeyPress] [35] [D:\projects\ZhaoStephen.LoggingDotNet\ZhaoStephen.LoggingDotNetDemoApp\LoggingDemoAppForm.cs] Failed to run command ''. Enter 'help' for usage.
[2016-08-03 21:30:52] [ERROR] [textBox1_KeyPress] [35] [D:\projects\ZhaoStephen.LoggingDotNet\ZhaoStephen.LoggingDotNetDemoApp\LoggingDemoAppForm.cs] Failed to run command 'gelp'. Enter 'help' for usage.
[2016-08-03 21:30:56] [INFO] [TryRunCommand] [60] [D:\projects\ZhaoStephen.LoggingDotNet\ZhaoStephen.LoggingDotNetDemoApp\LoggingDemoAppForm.cs] For your information, using the abbreviated FYI sometimes sounds passive aggressive.
[2016-08-03 21:31:02] [ERROR] [textBox1_KeyPress] [35] [D:\projects\ZhaoStephen.LoggingDotNet\ZhaoStephen.LoggingDotNetDemoApp\LoggingDemoAppForm.cs] Failed to run command 'agg'. Enter 'help' for usage.
[2016-08-03 21:31:06] [ERROR] [TryRunCommand] [66] [D:\projects\ZhaoStephen.LoggingDotNet\ZhaoStephen.LoggingDotNetDemoApp\LoggingDemoAppForm.cs] Damn son, it's not spelt damson!!
[2016-08-03 21:31:14] [ERROR] [textBox1_KeyPress] [35] [D:\projects\ZhaoStephen.LoggingDotNet\ZhaoStephen.LoggingDotNetDemoApp\LoggingDemoAppForm.cs] Failed to run command 'sdhinu'. Enter 'help' for usage.
[2016-08-03 21:31:16] [FATAL] [TryRunCommand] [69] [D:\projects\ZhaoStephen.LoggingDotNet\ZhaoStephen.LoggingDotNetDemoApp\LoggingDemoAppForm.cs] Don't eat that mushroom, it's fatal.
[2016-08-03 21:31:19] [ERROR] [textBox1_KeyPress] [35] [D:\projects\ZhaoStephen.LoggingDotNet\ZhaoStephen.LoggingDotNetDemoApp\LoggingDemoAppForm.cs] Failed to run command ''. Enter 'help' for usage.
[2016-08-03 21:31:20] [ERROR] [textBox1_KeyPress] [35] [D:\projects\ZhaoStephen.LoggingDotNet\ZhaoStephen.LoggingDotNetDemoApp\LoggingDemoAppForm.cs] Failed to run command ''. Enter 'help' for usage.
[2016-08-03 21:31:21] [ERROR] [textBox1_KeyPress] [35] [D:\projects\ZhaoStephen.LoggingDotNet\ZhaoStephen.LoggingDotNetDemoApp\LoggingDemoAppForm.cs] Failed to run command ''. Enter 'help' for usage.
[2016-08-03 21:31:21] [ERROR] [textBox1_KeyPress] [35] [D:\projects\ZhaoStephen.LoggingDotNet\ZhaoStephen.LoggingDotNetDemoApp\LoggingDemoAppForm.cs] Failed to run command ''. Enter 'help' for usage.
[2016-08-03 21:31:21] [ERROR] [textBox1_KeyPress] [35] [D:\projects\ZhaoStephen.LoggingDotNet\ZhaoStephen.LoggingDotNetDemoApp\LoggingDemoAppForm.cs] Failed to run command ''. Enter 'help' for usage.
[2016-08-03 21:31:22] [ERROR] [textBox1_KeyPress] [35] [D:\projects\ZhaoStephen.LoggingDotNet\ZhaoStephen.LoggingDotNetDemoApp\LoggingDemoAppForm.cs] Failed to run command ''. Enter 'help' for usage.
[2016-08-03 21:31:23] [ERROR] [textBox1_KeyPress] [35] [D:\projects\ZhaoStephen.LoggingDot